[2025-01-05 14:52:05,142: INFO/MainProcess] Connected to redis://taskmanager-redis_task-1:6379/0
[2025-01-05 14:52:05,148: INFO/MainProcess] mingle: searching for neighbors
[2025-01-05 14:52:06,159: INFO/MainProcess] mingle: all alone
[2025-01-05 14:52:06,192: INFO/MainProcess] celery@e4052b4b8d0c ready.
[2025-01-05 14:52:10,056: INFO/MainProcess] Events of group {task} enabled by remote.
[2025-01-05 14:52:11,996: INFO/MainProcess] Task create_task[9d3a711c-cc0b-46cc-8592-3354837e85e7] received
[2025-01-05 14:52:22,022: INFO/ForkPoolWorker-7] Task create_task[9d3a711c-cc0b-46cc-8592-3354837e85e7] succeeded in 10.019633969997813s: True
[2025-01-05 15:28:17,860: INFO/MainProcess] Connected to redis://taskmanager-redis_task-1:6379/0
[2025-01-05 15:28:17,867: INFO/MainProcess] mingle: searching for neighbors
[2025-01-05 15:28:18,878: INFO/MainProcess] mingle: all alone
[2025-01-05 15:28:18,890: INFO/MainProcess] celery@33d2df3b5dba ready.
[2025-01-05 15:28:20,008: INFO/MainProcess] Events of group {task} enabled by remote.
[2025-01-05 15:28:52,015: INFO/MainProcess] Task create_task[30958626-de13-463a-b41e-d94fe7197d6e] received
[2025-01-05 15:29:04,516: WARNING/ForkPoolWorker-7] Письмо успешно отправлено!
[2025-01-05 15:29:04,522: INFO/ForkPoolWorker-7] Task create_task[30958626-de13-463a-b41e-d94fe7197d6e] succeeded in 12.503920116003428s: True
[2025-01-05 15:36:21,388: INFO/MainProcess] Task create_task[b0b30577-1497-46d3-8e6d-3fb65cb74977] received
[2025-01-05 15:36:33,981: WARNING/ForkPoolWorker-7] Письмо успешно отправлено!
[2025-01-05 15:36:33,986: INFO/ForkPoolWorker-7] Task create_task[b0b30577-1497-46d3-8e6d-3fb65cb74977] succeeded in 12.591959707999195s: True
[2025-01-05 19:06:20,706: INFO/MainProcess] Connected to redis://taskmanager-redis_task-1:6379/0
[2025-01-05 19:06:20,715: INFO/MainProcess] mingle: searching for neighbors
[2025-01-05 19:06:21,737: INFO/MainProcess] mingle: all alone
[2025-01-05 19:06:21,757: INFO/MainProcess] celery@0d01a6d59a9d ready.
[2025-01-05 19:06:22,050: INFO/MainProcess] Events of group {task} enabled by remote.
[2025-01-05 19:11:19,784: INFO/MainProcess] Task create_task[665554b8-fd69-4c6d-8d59-3f37ca3a305b] received
[2025-01-05 19:11:31,745: WARNING/ForkPoolWorker-7] Письмо успешно отправлено!
[2025-01-05 19:11:31,749: INFO/ForkPoolWorker-7] Task create_task[665554b8-fd69-4c6d-8d59-3f37ca3a305b] succeeded in 11.961884488002397s: True
[2025-01-05 19:11:43,355: INFO/MainProcess] Task create_task[f80a1599-a946-4795-b5b8-4a95cae888e0] received
[2025-01-05 19:11:56,956: WARNING/ForkPoolWorker-7] Письмо успешно отправлено!
[2025-01-05 19:11:56,959: INFO/ForkPoolWorker-7] Task create_task[f80a1599-a946-4795-b5b8-4a95cae888e0] succeeded in 13.601564322998456s: True
[2025-01-06 22:32:17,399: INFO/MainProcess] Connected to redis://taskmanager-redis_task-1:6379/0
[2025-01-06 22:32:17,408: INFO/MainProcess] mingle: searching for neighbors
[2025-01-06 22:32:18,423: INFO/MainProcess] mingle: all alone
[2025-01-06 22:32:18,440: INFO/MainProcess] celery@985ca8a5eeaa ready.
[2025-01-06 22:32:19,170: INFO/MainProcess] Events of group {task} enabled by remote.
[2025-01-06 22:36:24,382: INFO/MainProcess] Task create_task[a12bbd78-98b8-406f-bf18-01af9ef68f85] received
[2025-01-06 22:36:37,178: WARNING/ForkPoolWorker-7] Письмо успешно отправлено!
[2025-01-06 22:36:37,193: INFO/ForkPoolWorker-7] Task create_task[a12bbd78-98b8-406f-bf18-01af9ef68f85] succeeded in 12.810405972000012s: True
[2025-01-06 22:37:54,413: INFO/MainProcess] Task create_task[f5490c09-3c49-4b49-b245-2470a527faa0] received
[2025-01-06 22:38:06,521: WARNING/ForkPoolWorker-7] Письмо успешно отправлено!
[2025-01-06 22:38:06,525: INFO/ForkPoolWorker-7] Task create_task[f5490c09-3c49-4b49-b245-2470a527faa0] succeeded in 12.111588030000007s: True
[2025-01-06 22:40:48,710: INFO/MainProcess] Connected to redis://taskmanager-redis_task-1:6379/0
[2025-01-06 22:40:48,716: INFO/MainProcess] mingle: searching for neighbors
[2025-01-06 22:40:49,732: INFO/MainProcess] mingle: all alone
[2025-01-06 22:40:49,765: INFO/MainProcess] celery@60f50b0b1680 ready.
[2025-01-06 22:40:51,438: INFO/MainProcess] Events of group {task} enabled by remote.
[2025-01-08 09:52:58,199: INFO/MainProcess] Task create_task[932412b1-babb-4e43-b783-2f4d499d3949] received
[2025-01-08 09:53:10,875: WARNING/ForkPoolWorker-7] Письмо успешно отправлено!
[2025-01-08 09:53:10,879: INFO/ForkPoolWorker-7] Task create_task[932412b1-babb-4e43-b783-2f4d499d3949] succeeded in 12.680300029000136s: True
[2025-01-08 10:53:39,892: INFO/MainProcess] Connected to redis://taskmanager-redis_task-1:6379/0
[2025-01-08 10:53:39,896: INFO/MainProcess] mingle: searching for neighbors
[2025-01-08 10:53:40,909: INFO/MainProcess] mingle: all alone
[2025-01-08 10:53:40,923: INFO/MainProcess] celery@d1f13c41e6cc ready.
[2025-01-08 10:53:43,341: INFO/MainProcess] Events of group {task} enabled by remote.
[2025-01-08 10:56:24,850: INFO/MainProcess] Connected to redis://taskmanager-redis_task-1:6379/0
[2025-01-08 10:56:24,854: INFO/MainProcess] mingle: searching for neighbors
[2025-01-08 10:56:25,867: INFO/MainProcess] mingle: all alone
[2025-01-08 10:56:25,999: INFO/MainProcess] celery@f016a3a439c9 ready.
[2025-01-08 10:56:28,253: INFO/MainProcess] Events of group {task} enabled by remote.
[2025-01-08 10:57:21,778: INFO/MainProcess] Connected to redis://taskmanager-redis_task-1:6379/0
[2025-01-08 10:57:21,786: INFO/MainProcess] mingle: searching for neighbors
[2025-01-08 10:57:22,798: INFO/MainProcess] mingle: all alone
[2025-01-08 10:57:22,816: INFO/MainProcess] celery@1d7e22424853 ready.
[2025-01-08 10:57:25,322: INFO/MainProcess] Events of group {task} enabled by remote.
[2025-01-08 10:59:53,460: INFO/MainProcess] Connected to redis://taskmanager-redis_task-1:6379/0
[2025-01-08 10:59:53,464: INFO/MainProcess] mingle: searching for neighbors
[2025-01-08 10:59:54,474: INFO/MainProcess] mingle: all alone
[2025-01-08 10:59:54,500: INFO/MainProcess] celery@486aeb211cfc ready.
[2025-01-08 10:59:56,833: INFO/MainProcess] Events of group {task} enabled by remote.
